<?xml version="1.0" encoding="utf-8"?><testsuites name="pytest tests"><testsuite name="pytest" errors="0" failures="2" skipped="0" tests="29" time="2.915" timestamp="2026-08-15T11:06:40.623727+00:00" hostname="agent-env-38bc3b37-3365-4355-a40b-5bf063adcbd6"><testcase classname="tests.test_iteration2.TestPhoneOtp" name="test_request_otp_returns_dev_code" time="0.133" /><testcase classname="tests.test_iteration2.TestPhoneOtp" name="test_verify_wrong_code" time="0.083" /><testcase classname="tests.test_iteration2.TestPhoneOtp" name="test_verify_correct_code_creates_user" time="0.344" /><testcase classname="tests.test_iteration2.TestReceipts" name="test_my_receipts_lists" time="0.354" /><testcase classname="tests.test_iteration2.TestReceipts" name="test_my_receipts_unauth" time="0.053" /><testcase classname="tests.test_iteration2.TestReceipts" name="test_pdf_owner" time="0.194" /><testcase classname="tests.test_iteration2.TestPhoneOtp" name="test_verify_consumed_code_reuse" time="0.318" /><testcase classname="tests.test_iteration2.TestReceipts" name="test_pdf_admin_can_download_any" time="0.153" /><testcase classname="tests.test_iteration2.TestReceipts" name="test_pdf_unauth" time="0.045" /><testcase classname="tests.test_iteration2.TestReceipts" name="test_pdf_404" time="0.046" /><testcase classname="tests.test_iteration2.TestReceipts" name="test_pdf_forbidden_for_other_user" time="0.559" /><testcase classname="tests.test_iteration2.TestPhoneOtp" name="test_invalid_phone" time="0.040" /><testcase classname="tests.test_iteration2.TestPhoneOtp" name="test_rate_limit_after_3" time="0.212"><failure message="assert 200 == 429&#10; +  where 200 = &lt;Response [200]&gt;.status_code">E   assert 200 == 429
     +  where 200 = &lt;Response [200]&gt;.status_code</failure></testcase><testcase classname="tests.test_iteration2.TestAdminUploads" name="test_upload_unauth" time="0.041" /><testcase classname="tests.test_iteration2.TestAdminUploads" name="test_upload_member_forbidden" time="0.045" /><testcase classname="tests.test_iteration2.TestAdminUploads" name="test_upload_admin_ok_and_public_media" time="0.432" /><testcase classname="tests.test_iteration2.TestDonation" name="test_amount_too_low" time="0.085" /><testcase classname="tests.test_iteration2.TestDonation" name="test_amount_too_high" time="0.118" /><testcase classname="tests.test_iteration2.TestDonation" name="test_donation_to_campaign_increments_raised" time="0.335" /><testcase classname="tests.test_iteration2.TestAdminUploads" name="test_upload_reject_non_image" time="0.047" /><testcase classname="tests.test_iteration2.TestAdminUploads" name="test_upload_reject_too_large" time="0.373" /><testcase classname="tests.test_iteration2.TestDonation" name="test_general_fund_donation" time="0.093" /><testcase classname="tests.test_iteration2.TestDonation" name="test_confirm_idempotent" time="0.204" /><testcase classname="tests.test_iteration2.TestMembership" name="test_annual_checkout" time="0.042" /><testcase classname="tests.test_iteration2.TestMembership" name="test_life_checkout_and_status_active_for_user" time="0.086"><failure message="assert 400 == 200&#10; +  where 400 = &lt;Response [400]&gt;.status_code">E   assert 400 == 200
     +  where 400 = &lt;Response [400]&gt;.status_code</failure></testcase><testcase classname="tests.test_iteration2.TestMembership" name="test_bad_tier" time="0.040" /><testcase classname="tests.test_iteration2.TestPaymentsConfig" name="test_config" time="0.080" /><testcase classname="tests.test_iteration2.TestAdminDonations" name="test_donations_list_admin" time="0.057" /><testcase classname="tests.test_iteration2.TestAdminDonations" name="test_donations_forbidden_member" time="0.056" /></testsuite></testsuites>