<?xml version="1.0" encoding="utf-8"?><testsuites name="pytest tests"><testsuite name="pytest" errors="0" failures="0" skipped="0" tests="44" time="3.181" timestamp="2026-08-15T09:23:26.017452+00:00" hostname="agent-env-38bc3b37-3365-4355-a40b-5bf063adcbd6"><testcase classname="tests.test_parivartan_api.TestPublic" name="test_root" time="0.185" /><testcase classname="tests.test_parivartan_api.TestAdminGating" name="test_unauth_401[GET-/admin/summary]" time="0.180" /><testcase classname="tests.test_parivartan_api.TestAdminGating" name="test_unauth_401[GET-/admin/issues]" time="0.079" /><testcase classname="tests.test_parivartan_api.TestPublic" name="test_stats" time="0.043" /><testcase classname="tests.test_parivartan_api.TestPublic" name="test_campaigns" time="0.042" /><testcase classname="tests.test_parivartan_api.TestAdminGating" name="test_unauth_401[GET-/admin/volunteers]" time="0.078" /><testcase classname="tests.test_parivartan_api.TestPublic" name="test_blog_list" time="0.044" /><testcase classname="tests.test_parivartan_api.TestPublic" name="test_blog_filter_category" time="0.044" /><testcase classname="tests.test_parivartan_api.TestAdminGating" name="test_unauth_401[GET-/admin/members]" time="0.080" /><testcase classname="tests.test_parivartan_api.TestPublic" name="test_blog_filter_search" time="0.044" /><testcase classname="tests.test_parivartan_api.TestPublic" name="test_blog_filter_tag" time="0.042" /><testcase classname="tests.test_parivartan_api.TestAdminGating" name="test_unauth_401[GET-/admin/blog]" time="0.080" /><testcase classname="tests.test_parivartan_api.TestPublic" name="test_blog_get_slug" time="0.095" /><testcase classname="tests.test_parivartan_api.TestAdminGating" name="test_unauth_401[GET-/admin/subscribers]" time="0.084" /><testcase classname="tests.test_parivartan_api.TestPublic" name="test_blog_404" time="0.048" /><testcase classname="tests.test_parivartan_api.TestAdminGating" name="test_member_403[GET-/admin/summary]" time="0.082" /><testcase classname="tests.test_parivartan_api.TestPublic" name="test_events" time="0.044" /><testcase classname="tests.test_parivartan_api.TestForms" name="test_volunteer" time="0.044" /><testcase classname="tests.test_parivartan_api.TestAdminGating" name="test_member_403[GET-/admin/issues]" time="0.056" /><testcase classname="tests.test_parivartan_api.TestForms" name="test_volunteer_invalid_email" time="0.045" /><testcase classname="tests.test_parivartan_api.TestForms" name="test_membership_apply" time="0.055" /><testcase classname="tests.test_parivartan_api.TestAdminGating" name="test_member_403[GET-/admin/volunteers]" time="0.045" /><testcase classname="tests.test_parivartan_api.TestAdminGating" name="test_member_403[GET-/admin/members]" time="0.084" /><testcase classname="tests.test_parivartan_api.TestForms" name="test_subscribe" time="0.050" /><testcase classname="tests.test_parivartan_api.TestForms" name="test_issue_text_only" time="0.084" /><testcase classname="tests.test_parivartan_api.TestAdminGating" name="test_member_403[GET-/admin/blog]" time="0.043" /><testcase classname="tests.test_parivartan_api.TestAdminGating" name="test_member_403[GET-/admin/subscribers]" time="0.080" /><testcase classname="tests.test_parivartan_api.TestForms" name="test_issue_with_geo" time="0.041" /><testcase classname="tests.test_parivartan_api.TestForms" name="test_issue_with_photo" time="0.363" /><testcase classname="tests.test_parivartan_api.TestAdminCRUD" name="test_summary" time="0.291" /><testcase classname="tests.test_parivartan_api.TestAdminCRUD" name="test_blog_crud" time="0.323" /><testcase classname="tests.test_parivartan_api.TestForms" name="test_issue_unsupported_ext" time="0.080" /><testcase classname="tests.test_parivartan_api.TestForms" name="test_issue_too_large" time="0.376" /><testcase classname="tests.test_parivartan_api.TestAdminCRUD" name="test_event_crud" time="0.168" /><testcase classname="tests.test_parivartan_api.TestAdminCRUD" name="test_campaign_update" time="0.087" /><testcase classname="tests.test_parivartan_api.TestAuth" name="test_me_unauth" time="0.040" /><testcase classname="tests.test_parivartan_api.TestAuth" name="test_me_admin" time="0.040" /><testcase classname="tests.test_parivartan_api.TestAdminCRUD" name="test_issue_status_update" time="0.208" /><testcase classname="tests.test_parivartan_api.TestAuth" name="test_me_member" time="0.042" /><testcase classname="tests.test_parivartan_api.TestAuth" name="test_prefs_update" time="0.122" /><testcase classname="tests.test_parivartan_api.TestAdminCRUD" name="test_admin_lists" time="0.244" /><testcase classname="tests.test_parivartan_api.TestRSVP" name="test_rsvp_unauth" time="0.092" /><testcase classname="tests.test_parivartan_api.TestRSVP" name="test_rsvp_toggle" time="0.173" /><testcase classname="tests.test_parivartan_api.TestRSVP" name="test_my_rsvps" time="0.085" /></testsuite></testsuites>